<?xml version="1.0" encoding="UTF-8"?>
<testng-results ignored="0" total="1" passed="1" failed="0" skipped="0">
  <reporter-output>
  </reporter-output>
  <suite started-at="2023-07-01T00:17:39 IST" name="Default suite" finished-at="2023-07-01T00:17:47 IST" duration-ms="8166">
    <groups>
    </groups>
    <test started-at="2023-07-01T00:17:39 IST" name="Default test" finished-at="2023-07-01T00:17:47 IST" duration-ms="8166">
      <class name="ganesha.ganesh">
        <test-method is-config="true" signature="start()[pri:0, instance:ganesha.ganesh@41e36e46]" started-at="2023-07-01T00:17:39 IST" name="start" finished-at="2023-07-01T00:17:47 IST" duration-ms="7647" status="PASS">
          <reporter-output>
          </reporter-output>
        </test-method> <!-- start -->
        <test-method signature="title()[pri:0, instance:ganesha.ganesh@41e36e46]" started-at="2023-07-01T00:17:47 IST" name="title" finished-at="2023-07-01T00:17:47 IST" duration-ms="27" status="PASS">
          <reporter-output>
          </reporter-output>
        </test-method> <!-- title -->
        <test-method is-config="true" signature="end()[pri:0, instance:ganesha.ganesh@41e36e46]" started-at="2023-07-01T00:17:47 IST" name="end" finished-at="2023-07-01T00:17:47 IST" duration-ms="414" status="PASS">
          <reporter-output>
          </reporter-output>
        </test-method> <!-- end -->
      </class> <!-- ganesha.ganesh -->
    </test> <!-- Default test -->
  </suite> <!-- Default suite -->
</testng-results>
