<?xml version="1.0" encoding="UTF-8"?>
<testng-results ignored="0" total="1" passed="1" failed="0" skipped="0">
  <reporter-output>
  </reporter-output>
  <suite started-at="2024-02-07T21:04:33 IST" name="Default suite" finished-at="2024-02-07T21:04:46 IST" duration-ms="12893">
    <groups>
    </groups>
    <test started-at="2024-02-07T21:04:33 IST" name="Default test" finished-at="2024-02-07T21:04:46 IST" duration-ms="12893">
      <class name="testpack.Testclass">
        <test-method is-config="true" signature="start()[pri:0, instance:testpack.Testclass@36bc55de]" started-at="2024-02-07T21:04:33 IST" name="start" finished-at="2024-02-07T21:04:42 IST" duration-ms="8950" status="PASS">
          <reporter-output>
          </reporter-output>
        </test-method> <!-- start -->
        <test-method signature="logintest()[pri:0, instance:testpack.Testclass@36bc55de]" started-at="2024-02-07T21:04:42 IST" name="logintest" finished-at="2024-02-07T21:04:46 IST" duration-ms="3858" status="PASS">
          <reporter-output>
          </reporter-output>
        </test-method> <!-- logintest -->
      </class> <!-- testpack.Testclass -->
    </test> <!-- Default test -->
  </suite> <!-- Default suite -->
</testng-results>
